SHAP Explainer initialized successfully.
Processing 105 extensions...
--- Starting analysis for extension: cfhdojbkjhnklbpkdaibdccddilifddb ---
Analyzing manifest (v3)...
Analyzing JavaScript files in dataset/benign/cfhdojbkjhnklbpkdaibdccddilifddb...
Warning: Error processing rule file /data/rules/dnr/07549D8B-F06F-4D9D-A567-929AA59E9D1D: [Errno 2] No such file or directory: '/data/rules/dnr/07549D8B-F06F-4D9D-A567-929AA59E9D1D'
Warning: Error processing rule file /data/rules/dnr/0798B6A2-94A4-4ADF-89ED-BEC112FC4C7F: [Errno 2] No such file or directory: '/data/rules/dnr/0798B6A2-94A4-4ADF-89ED-BEC112FC4C7F'
Warning: Error processing rule file /data/rules/dnr/0A679439-445F-4DE7-84B9-88341F6DA520: [Errno 2] No such file or directory: '/data/rules/dnr/0A679439-445F-4DE7-84B9-88341F6DA520'
Warning: Error processing rule file /data/rules/dnr/0CD3D105-D3B3-4652-8489-94163DE9A08F: [Errno 2] No such file or directory: '/data/rules/dnr/0CD3D105-D3B3-4652-8489-94163DE9A08F'
Warning: Error processing rule file /data/rules/dnr/14DF7BE6-9675-4E07-987A-D8A1000F9FEF: [Errno 2] No such file or directory: '/data/rules/dnr/14DF7BE6-9675-4E07-987A-D8A1000F9FEF'
Warning: Error processing rule file /data/rules/dnr/1B5F78CA-8B30-4BDF-B0A3-451CB2202984: [Errno 2] No such file or directory: '/data/rules/dnr/1B5F78CA-8B30-4BDF-B0A3-451CB2202984'
Warning: Error processing rule file /data/rules/dnr/1C571EC7-6E52-47CC-B04A-4B3008D0AEBE: [Errno 2] No such file or directory: '/data/rules/dnr/1C571EC7-6E52-47CC-B04A-4B3008D0AEBE'
Warning: Error processing rule file /data/rules/dnr/25A31255-AB36-48A4-9086-06192DE71119: [Errno 2] No such file or directory: '/data/rules/dnr/25A31255-AB36-48A4-9086-06192DE71119'
Warning: Error processing rule file /data/rules/dnr/2708BCB7-2E45-41BC-B517-1730CF532F89: [Errno 2] No such file or directory: '/data/rules/dnr/2708BCB7-2E45-41BC-B517-1730CF532F89'
Warning: Error processing rule file /data/rules/dnr/294D21F0-B3DC-11EF-9B01-F73C7F3A4DB5: [Errno 2] No such file or directory: '/data/rules/dnr/294D21F0-B3DC-11EF-9B01-F73C7F3A4DB5'
Warning: Error processing rule file /data/rules/dnr/2CEA1481-C29C-44F1-A084-A2A019533797: [Errno 2] No such file or directory: '/data/rules/dnr/2CEA1481-C29C-44F1-A084-A2A019533797'
Warning: Error processing rule file /data/rules/dnr/361001BD-8F57-4736-97B1-F332C3D79E5D: [Errno 2] No such file or directory: '/data/rules/dnr/361001BD-8F57-4736-97B1-F332C3D79E5D'
Warning: Error processing rule file /data/rules/dnr/3D2C09D0-DF1C-4C8E-9947-A23DCEAF8F8B: [Errno 2] No such file or directory: '/data/rules/dnr/3D2C09D0-DF1C-4C8E-9947-A23DCEAF8F8B'
Warning: Error processing rule file /data/rules/dnr/4B6CE485-30AB-4213-AD17-504B3F2D2825: [Errno 2] No such file or directory: '/data/rules/dnr/4B6CE485-30AB-4213-AD17-504B3F2D2825'
Warning: Error processing rule file /data/rules/dnr/588470E8-E163-4CD9-A909-521B2A3BE73F: [Errno 2] No such file or directory: '/data/rules/dnr/588470E8-E163-4CD9-A909-521B2A3BE73F'
Warning: Error processing rule file /data/rules/dnr/5BD2BB73-459D-4A74-AF9D-A10157268350: [Errno 2] No such file or directory: '/data/rules/dnr/5BD2BB73-459D-4A74-AF9D-A10157268350'
Warning: Error processing rule file /data/rules/dnr/684A25C6-6B5D-458A-8A2B-BAC0A12B0B15: [Errno 2] No such file or directory: '/data/rules/dnr/684A25C6-6B5D-458A-8A2B-BAC0A12B0B15'
Warning: Error processing rule file /data/rules/dnr/88D3F7EA-D99E-43C6-92E0-D89C8A0E7EA9: [Errno 2] No such file or directory: '/data/rules/dnr/88D3F7EA-D99E-43C6-92E0-D89C8A0E7EA9'
Warning: Error processing rule file /data/rules/dnr/8C13E995-8F06-4927-BEA7-6C845FB7EEBF: [Errno 2] No such file or directory: '/data/rules/dnr/8C13E995-8F06-4927-BEA7-6C845FB7EEBF'
Warning: Error processing rule file /data/rules/dnr/950C88EA-2DD1-42E3-B2A2-2DF2ED15563A: [Errno 2] No such file or directory: '/data/rules/dnr/950C88EA-2DD1-42E3-B2A2-2DF2ED15563A'
Warning: Error processing rule file /data/rules/dnr/96932CD9-6DDF-4D97-B92F-FDF747B6FAA2: [Errno 2] No such file or directory: '/data/rules/dnr/96932CD9-6DDF-4D97-B92F-FDF747B6FAA2'
Warning: Error processing rule file /data/rules/dnr/9BD3EA2F-889D-4CC3-B680-CF484F2BD1B9: [Errno 2] No such file or directory: '/data/rules/dnr/9BD3EA2F-889D-4CC3-B680-CF484F2BD1B9'
Warning: Error processing rule file /data/rules/dnr/A4B88FB6-E5E5-417F-8A49-20B8244995FD: [Errno 2] No such file or directory: '/data/rules/dnr/A4B88FB6-E5E5-417F-8A49-20B8244995FD'
Warning: Error processing rule file /data/rules/dnr/B7D76369-DD19-4602-80E8-2E32DDB490AC: [Errno 2] No such file or directory: '/data/rules/dnr/B7D76369-DD19-4602-80E8-2E32DDB490AC'
Warning: Error processing rule file /data/rules/dnr/BBC07C05-66F1-42EC-BD4D-7AD495FAC84B: [Errno 2] No such file or directory: '/data/rules/dnr/BBC07C05-66F1-42EC-BD4D-7AD495FAC84B'
Warning: Error processing rule file /data/rules/dnr/C3D13A19-3E8D-41F5-AD64-0F3B36DDE128: [Errno 2] No such file or directory: '/data/rules/dnr/C3D13A19-3E8D-41F5-AD64-0F3B36DDE128'
Warning: Error processing rule file /data/rules/dnr/CBE50FA2-DE3F-480C-B1D7-04289391C033: [Errno 2] No such file or directory: '/data/rules/dnr/CBE50FA2-DE3F-480C-B1D7-04289391C033'
Warning: Error processing rule file /data/rules/dnr/CDAD4CF5-2706-42CB-B404-F5B9B61B8CAA: [Errno 2] No such file or directory: '/data/rules/dnr/CDAD4CF5-2706-42CB-B404-F5B9B61B8CAA'
Warning: Error processing rule file /data/rules/dnr/D4028CDD-3D39-4624-ACC7-8140F4EC3238: [Errno 2] No such file or directory: '/data/rules/dnr/D4028CDD-3D39-4624-ACC7-8140F4EC3238'
Warning: Error processing rule file /data/rules/dnr/D72B6F06-52B2-4FED-96A2-1BF59CDD7AEC: [Errno 2] No such file or directory: '/data/rules/dnr/D72B6F06-52B2-4FED-96A2-1BF59CDD7AEC'
Warning: Error processing rule file /data/rules/dnr/D99D3350-7F11-43E1-87CB-FDE0C78E8CD6: [Errno 2] No such file or directory: '/data/rules/dnr/D99D3350-7F11-43E1-87CB-FDE0C78E8CD6'
Warning: Error processing rule file /data/rules/dnr/E22C3B40-DC90-49D7-8BF5-E60904AB159A: [Errno 2] No such file or directory: '/data/rules/dnr/E22C3B40-DC90-49D7-8BF5-E60904AB159A'
Warning: Error processing rule file /data/rules/dnr/EEEF75EC-B2B4-49F4-BC49-17B08266F334: [Errno 2] No such file or directory: '/data/rules/dnr/EEEF75EC-B2B4-49F4-BC49-17B08266F334'
Warning: Error processing rule file /data/rules/dnr/EF6F4884-47DB-46A5-AAF8-8EB819D8D4D8: [Errno 2] No such file or directory: '/data/rules/dnr/EF6F4884-47DB-46A5-AAF8-8EB819D8D4D8'
Warning: Error processing rule file /data/rules/dnr/F12E0801-A00B-49DE-B1E3-52C9C4F90C8C: [Errno 2] No such file or directory: '/data/rules/dnr/F12E0801-A00B-49DE-B1E3-52C9C4F90C8C'

--- Analysis Complete for cfhdojbkjhnklbpkdaibdccddilifddb ---
--- Starting analysis for extension: fdpohaocaechififmbbbbbknoalclacl ---
Analyzing manifest (v3)...
Analyzing JavaScript files in dataset/benign/fdpohaocaechififmbbbbbknoalclacl...
/home/elijah/Documents/CPS475/ExtensionAnalyzer/venv/lib/python3.12/site-packages/esprima/scanner.py:1040: FutureWarning: Possible nested set at position 2
  return re.compile(pattern, pyflags)

--- Analysis Complete for fdpohaocaechififmbbbbbknoalclacl ---
--- Starting analysis for extension: ifbmcpbgkhlpfcodhjhdbllhiaomkdej ---
Analyzing manifest (v2)...
Analyzing JavaScript files in dataset/benign/ifbmcpbgkhlpfcodhjhdbllhiaomkdej...

--- Analysis Complete for ifbmcpbgkhlpfcodhjhdbllhiaomkdej ---
--- Starting analysis for extension: gighmmpiobklfepjocnamgkkbiglidom ---
Analyzing manifest (v3)...
Analyzing JavaScript files in dataset/benign/gighmmpiobklfepjocnamgkkbiglidom...
Warning: Error processing rule file /data/rules/dnr/07549D8B-F06F-4D9D-A567-929AA59E9D1D: [Errno 2] No such file or directory: '/data/rules/dnr/07549D8B-F06F-4D9D-A567-929AA59E9D1D'
Warning: Error processing rule file /data/rules/dnr/0798B6A2-94A4-4ADF-89ED-BEC112FC4C7F: [Errno 2] No such file or directory: '/data/rules/dnr/0798B6A2-94A4-4ADF-89ED-BEC112FC4C7F'
Warning: Error processing rule file /data/rules/dnr/0A679439-445F-4DE7-84B9-88341F6DA520: [Errno 2] No such file or directory: '/data/rules/dnr/0A679439-445F-4DE7-84B9-88341F6DA520'
Warning: Error processing rule file /data/rules/dnr/0B0296EB-1CC5-49CD-AD38-8AF27420B7E4: [Errno 2] No such file or directory: '/data/rules/dnr/0B0296EB-1CC5-49CD-AD38-8AF27420B7E4'
Warning: Error processing rule file /data/rules/dnr/0CD3D105-D3B3-4652-8489-94163DE9A08F: [Errno 2] No such file or directory: '/data/rules/dnr/0CD3D105-D3B3-4652-8489-94163DE9A08F'
Warning: Error processing rule file /data/rules/dnr/14DF7BE6-9675-4E07-987A-D8A1000F9FEF: [Errno 2] No such file or directory: '/data/rules/dnr/14DF7BE6-9675-4E07-987A-D8A1000F9FEF'
Warning: Error processing rule file /data/rules/dnr/1B5F78CA-8B30-4BDF-B0A3-451CB2202984: [Errno 2] No such file or directory: '/data/rules/dnr/1B5F78CA-8B30-4BDF-B0A3-451CB2202984'
Warning: Error processing rule file /data/rules/dnr/1C571EC7-6E52-47CC-B04A-4B3008D0AEBE: [Errno 2] No such file or directory: '/data/rules/dnr/1C571EC7-6E52-47CC-B04A-4B3008D0AEBE'
Warning: Error processing rule file /data/rules/dnr/25A31255-AB36-48A4-9086-06192DE71119: [Errno 2] No such file or directory: '/data/rules/dnr/25A31255-AB36-48A4-9086-06192DE71119'
Warning: Error processing rule file /data/rules/dnr/2708BCB7-2E45-41BC-B517-1730CF532F89: [Errno 2] No such file or directory: '/data/rules/dnr/2708BCB7-2E45-41BC-B517-1730CF532F89'
Warning: Error processing rule file /data/rules/dnr/294D21F0-B3DC-11EF-9B01-F73C7F3A4DB5: [Errno 2] No such file or directory: '/data/rules/dnr/294D21F0-B3DC-11EF-9B01-F73C7F3A4DB5'
Warning: Error processing rule file /data/rules/dnr/2CEA1481-C29C-44F1-A084-A2A019533797: [Errno 2] No such file or directory: '/data/rules/dnr/2CEA1481-C29C-44F1-A084-A2A019533797'
Warning: Error processing rule file /data/rules/dnr/361001BD-8F57-4736-97B1-F332C3D79E5D: [Errno 2] No such file or directory: '/data/rules/dnr/361001BD-8F57-4736-97B1-F332C3D79E5D'
Warning: Error processing rule file /data/rules/dnr/3D2C09D0-DF1C-4C8E-9947-A23DCEAF8F8B: [Errno 2] No such file or directory: '/data/rules/dnr/3D2C09D0-DF1C-4C8E-9947-A23DCEAF8F8B'
Warning: Error processing rule file /data/rules/dnr/4B6CE485-30AB-4213-AD17-504B3F2D2825: [Errno 2] No such file or directory: '/data/rules/dnr/4B6CE485-30AB-4213-AD17-504B3F2D2825'
Warning: Error processing rule file /data/rules/dnr/588470E8-E163-4CD9-A909-521B2A3BE73F: [Errno 2] No such file or directory: '/data/rules/dnr/588470E8-E163-4CD9-A909-521B2A3BE73F'
Warning: Error processing rule file /data/rules/dnr/5BD2BB73-459D-4A74-AF9D-A10157268350: [Errno 2] No such file or directory: '/data/rules/dnr/5BD2BB73-459D-4A74-AF9D-A10157268350'
Warning: Error processing rule file /data/rules/dnr/684A25C6-6B5D-458A-8A2B-BAC0A12B0B15: [Errno 2] No such file or directory: '/data/rules/dnr/684A25C6-6B5D-458A-8A2B-BAC0A12B0B15'
Warning: Error processing rule file /data/rules/dnr/88D3F7EA-D99E-43C6-92E0-D89C8A0E7EA9: [Errno 2] No such file or directory: '/data/rules/dnr/88D3F7EA-D99E-43C6-92E0-D89C8A0E7EA9'
Warning: Error processing rule file /data/rules/dnr/8C13E995-8F06-4927-BEA7-6C845FB7EEBF: [Errno 2] No such file or directory: '/data/rules/dnr/8C13E995-8F06-4927-BEA7-6C845FB7EEBF'
Warning: Error processing rule file /data/rules/dnr/950C88EA-2DD1-42E3-B2A2-2DF2ED15563A: [Errno 2] No such file or directory: '/data/rules/dnr/950C88EA-2DD1-42E3-B2A2-2DF2ED15563A'
Warning: Error processing rule file /data/rules/dnr/96932CD9-6DDF-4D97-B92F-FDF747B6FAA2: [Errno 2] No such file or directory: '/data/rules/dnr/96932CD9-6DDF-4D97-B92F-FDF747B6FAA2'
Warning: Error processing rule file /data/rules/dnr/9BD3EA2F-889D-4CC3-B680-CF484F2BD1B9: [Errno 2] No such file or directory: '/data/rules/dnr/9BD3EA2F-889D-4CC3-B680-CF484F2BD1B9'
Warning: Error processing rule file /data/rules/dnr/9CC3AF4D-EB89-4100-97C6-4EEE4F8A2E82: [Errno 2] No such file or directory: '/data/rules/dnr/9CC3AF4D-EB89-4100-97C6-4EEE4F8A2E82'
Warning: Error processing rule file /data/rules/dnr/A4B88FB6-E5E5-417F-8A49-20B8244995FD: [Errno 2] No such file or directory: '/data/rules/dnr/A4B88FB6-E5E5-417F-8A49-20B8244995FD'
Warning: Error processing rule file /data/rules/dnr/B7D76369-DD19-4602-80E8-2E32DDB490AC: [Errno 2] No such file or directory: '/data/rules/dnr/B7D76369-DD19-4602-80E8-2E32DDB490AC'
Warning: Error processing rule file /data/rules/dnr/BBC07C05-66F1-42EC-BD4D-7AD495FAC84B: [Errno 2] No such file or directory: '/data/rules/dnr/BBC07C05-66F1-42EC-BD4D-7AD495FAC84B'
Warning: Error processing rule file /data/rules/dnr/C3D13A19-3E8D-41F5-AD64-0F3B36DDE128: [Errno 2] No such file or directory: '/data/rules/dnr/C3D13A19-3E8D-41F5-AD64-0F3B36DDE128'
Warning: Error processing rule file /data/rules/dnr/CBE50FA2-DE3F-480C-B1D7-04289391C033: [Errno 2] No such file or directory: '/data/rules/dnr/CBE50FA2-DE3F-480C-B1D7-04289391C033'
Warning: Error processing rule file /data/rules/dnr/CDAD4CF5-2706-42CB-B404-F5B9B61B8CAA: [Errno 2] No such file or directory: '/data/rules/dnr/CDAD4CF5-2706-42CB-B404-F5B9B61B8CAA'
Warning: Error processing rule file /data/rules/dnr/D4028CDD-3D39-4624-ACC7-8140F4EC3238: [Errno 2] No such file or directory: '/data/rules/dnr/D4028CDD-3D39-4624-ACC7-8140F4EC3238'
Warning: Error processing rule file /data/rules/dnr/D72B6F06-52B2-4FED-96A2-1BF59CDD7AEC: [Errno 2] No such file or directory: '/data/rules/dnr/D72B6F06-52B2-4FED-96A2-1BF59CDD7AEC'
Warning: Error processing rule file /data/rules/dnr/D99D3350-7F11-43E1-87CB-FDE0C78E8CD6: [Errno 2] No such file or directory: '/data/rules/dnr/D99D3350-7F11-43E1-87CB-FDE0C78E8CD6'
Warning: Error processing rule file /data/rules/dnr/E22C3B40-DC90-49D7-8BF5-E60904AB159A: [Errno 2] No such file or directory: '/data/rules/dnr/E22C3B40-DC90-49D7-8BF5-E60904AB159A'
Warning: Error processing rule file /data/rules/dnr/EEEF75EC-B2B4-49F4-BC49-17B08266F334: [Errno 2] No such file or directory: '/data/rules/dnr/EEEF75EC-B2B4-49F4-BC49-17B08266F334'
Warning: Error processing rule file /data/rules/dnr/EF6F4884-47DB-46A5-AAF8-8EB819D8D4D8: [Errno 2] No such file or directory: '/data/rules/dnr/EF6F4884-47DB-46A5-AAF8-8EB819D8D4D8'
Warning: Error processing rule file /data/rules/dnr/F12E0801-A00B-49DE-B1E3-52C9C4F90C8C: [Errno 2] No such file or directory: '/data/rules/dnr/F12E0801-A00B-49DE-B1E3-52C9C4F90C8C'

--- Analysis Complete for gighmmpiobklfepjocnamgkkbiglidom ---
--- Starting analysis for extension: nkbihfbeogaeaoehlefnkodbefgpgknn ---
Analyzing manifest (v3)...
Analyzing JavaScript files in dataset/benign/nkbihfbeogaeaoehlefnkodbefgpgknn...

--- Analysis Complete for nkbihfbeogaeaoehlefnkodbefgpgknn ---
--- Starting analysis for extension: bpoadfkcbjbfhfodiogcnhhhpibjhbnh ---
Analyzing manifest (v3)...
Analyzing JavaScript files in dataset/benign/bpoadfkcbjbfhfodiogcnhhhpibjhbnh...

--- Analysis Complete for bpoadfkcbjbfhfodiogcnhhhpibjhbnh ---
--- Starting analysis for extension: inomeogfingihgjfjlpeplalcfajhgai ---
Analyzing manifest (v3)...
Analyzing JavaScript files in dataset/benign/inomeogfingihgjfjlpeplalcfajhgai...

--- Analysis Complete for inomeogfingihgjfjlpeplalcfajhgai ---
--- Starting analysis for extension: liecbddmkiiihnedobmlmillhodjkdmb ---
Analyzing manifest (v3)...
Analyzing JavaScript files in dataset/benign/liecbddmkiiihnedobmlmillhodjkdmb...
/home/elijah/Documents/CPS475/ExtensionAnalyzer/venv/lib/python3.12/site-packages/esprima/scanner.py:1040: FutureWarning: Possible nested set at position 1
  return re.compile(pattern, pyflags)

--- Analysis Complete for liecbddmkiiihnedobmlmillhodjkdmb ---
--- Starting analysis for extension: majdfhpaihoncoakbjgbdhglocklcgno ---
Analyzing manifest (v3)...
Analyzing JavaScript files in dataset/benign/majdfhpaihoncoakbjgbdhglocklcgno...

--- Analysis Complete for majdfhpaihoncoakbjgbdhglocklcgno ---
--- Starting analysis for extension: llbcnfanfmjhpedaedhbcnpgeepdnnok ---
Analyzing manifest (v3)...
Analyzing JavaScript files in dataset/benign/llbcnfanfmjhpedaedhbcnpgeepdnnok...

--- Analysis Complete for llbcnfanfmjhpedaedhbcnpgeepdnnok ---
--- Starting analysis for extension: fjoaledfpmneenckfbpdfhkmimnjocfa ---
Analyzing manifest (v3)...
Analyzing JavaScript files in dataset/benign/fjoaledfpmneenckfbpdfhkmimnjocfa...

--- Analysis Complete for fjoaledfpmneenckfbpdfhkmimnjocfa ---
--- Starting analysis for extension: mmioliijnhnoblpgimnlajmefafdfilb ---
Analyzing manifest (v3)...
Analyzing JavaScript files in dataset/benign/mmioliijnhnoblpgimnlajmefafdfilb...

--- Analysis Complete for mmioliijnhnoblpgimnlajmefafdfilb ---
--- Starting analysis for extension: chhjbpecpncaggjpdakmflnfcopglcmi ---
Analyzing manifest (v3)...
Analyzing JavaScript files in dataset/benign/chhjbpecpncaggjpdakmflnfcopglcmi...

--- Analysis Complete for chhjbpecpncaggjpdakmflnfcopglcmi ---
--- Starting analysis for extension: ohhcpmplhhiiaoiddkfboafbhiknefdf ---
Analyzing manifest (v3)...
Analyzing JavaScript files in dataset/benign/ohhcpmplhhiiaoiddkfboafbhiknefdf...
/home/elijah/Documents/CPS475/ExtensionAnalyzer/venv/lib/python3.12/site-packages/esprima/scanner.py:1040: FutureWarning: Possible nested set at position 1
  return re.compile(pattern, pyflags)

--- Analysis Complete for ohhcpmplhhiiaoiddkfboafbhiknefdf ---
--- Starting analysis for extension: mbniclmhobmnbdlbpiphghaielnnpgdp ---
Analyzing manifest (v3)...
Analyzing JavaScript files in dataset/benign/mbniclmhobmnbdlbpiphghaielnnpgdp...

--- Analysis Complete for mbniclmhobmnbdlbpiphghaielnnpgdp ---
--- Starting analysis for extension: dcngeagmmhegagicpcmpinaoklddcgon ---
Analyzing manifest (v3)...
Analyzing JavaScript files in dataset/benign/dcngeagmmhegagicpcmpinaoklddcgon...

--- Analysis Complete for dcngeagmmhegagicpcmpinaoklddcgon ---
--- Starting analysis for extension: ohfgljdgelakfkefopgklcohadegdpjf ---
Analyzing manifest (v3)...
Analyzing JavaScript files in dataset/benign/ohfgljdgelakfkefopgklcohadegdpjf...

--- Analysis Complete for ohfgljdgelakfkefopgklcohadegdpjf ---
--- Starting analysis for extension: iidnbdjijdkbmajdffnidomddglmieko ---
Analyzing manifest (v3)...
Analyzing JavaScript files in dataset/benign/iidnbdjijdkbmajdffnidomddglmieko...
/home/elijah/Documents/CPS475/ExtensionAnalyzer/venv/lib/python3.12/site-packages/esprima/scanner.py:1040: FutureWarning: Possible nested set at position 1
  return re.compile(pattern, pyflags)

--- Analysis Complete for iidnbdjijdkbmajdffnidomddglmieko ---
--- Starting analysis for extension: kdpelmjpfafjppnhbloffcjpeomlnpah.zip ---
Error reading manifest: [Errno 20] Not a directory: 'dataset/benign/kdpelmjpfafjppnhbloffcjpeomlnpah.zip/manifest.json'
--- Starting analysis for extension: gppongmhjkpfnbhagpmjfkannfbllamg ---
Analyzing manifest (v3)...
Analyzing JavaScript files in dataset/benign/gppongmhjkpfnbhagpmjfkannfbllamg...

--- Analysis Complete for gppongmhjkpfnbhagpmjfkannfbllamg ---
--- Starting analysis for extension: nlipoenfbbikpbjkfpfillcgkoblgpmj ---
Analyzing manifest (v3)...
Analyzing JavaScript files in dataset/benign/nlipoenfbbikpbjkfpfillcgkoblgpmj...

--- Analysis Complete for nlipoenfbbikpbjkfpfillcgkoblgpmj ---
--- Starting analysis for extension: kdpelmjpfafjppnhbloffcjpeomlnpah ---
Analyzing manifest (v3)...
Analyzing JavaScript files in dataset/benign/kdpelmjpfafjppnhbloffcjpeomlnpah...

--- Analysis Complete for kdpelmjpfafjppnhbloffcjpeomlnpah ---
--- Starting analysis for extension: mcbpblocgmgfnpjjppndjkmgjaogfceg ---
Analyzing manifest (v3)...
Analyzing JavaScript files in dataset/benign/mcbpblocgmgfnpjjppndjkmgjaogfceg...

--- Analysis Complete for mcbpblocgmgfnpjjppndjkmgjaogfceg ---
--- Starting analysis for extension: ammjkodgmmoknidbanneddgankgfejfh ---
Analyzing manifest (v3)...
Analyzing JavaScript files in dataset/benign/ammjkodgmmoknidbanneddgankgfejfh...

--- Analysis Complete for ammjkodgmmoknidbanneddgankgfejfh ---
--- Starting analysis for extension: lahipjfggmgneaopcckkaipmoandaboo ---
Analyzing manifest (v2)...
Analyzing JavaScript files in dataset/benign/lahipjfggmgneaopcckkaipmoandaboo...

--- Analysis Complete for lahipjfggmgneaopcckkaipmoandaboo ---
--- Starting analysis for extension: ofpnmcalabcbjgholdjcjblkibolbppb ---
Analyzing manifest (v3)...
Analyzing JavaScript files in dataset/benign/ofpnmcalabcbjgholdjcjblkibolbppb...

--- Analysis Complete for ofpnmcalabcbjgholdjcjblkibolbppb ---
--- Starting analysis for extension: cmhmcmgkegfffbbfobhjpdbimgmoohap ---
Analyzing manifest (v2)...
Analyzing JavaScript files in dataset/benign/cmhmcmgkegfffbbfobhjpdbimgmoohap...

--- Analysis Complete for cmhmcmgkegfffbbfobhjpdbimgmoohap ---
--- Starting analysis for extension: bmnlcjabgnpnenekpadlanbbkooimhnj ---
Analyzing manifest (v3)...
Analyzing JavaScript files in dataset/benign/bmnlcjabgnpnenekpadlanbbkooimhnj...

--- Analysis Complete for bmnlcjabgnpnenekpadlanbbkooimhnj ---
--- Starting analysis for extension: dhdgffkkebhmkfjojejmpbldmpobfkfo ---
Analyzing manifest (v3)...
Analyzing JavaScript files in dataset/benign/dhdgffkkebhmkfjojejmpbldmpobfkfo...
/home/elijah/Documents/CPS475/ExtensionAnalyzer/venv/lib/python3.12/site-packages/esprima/scanner.py:1040: FutureWarning: Possible nested set at position 1
  return re.compile(pattern, pyflags)

--- Analysis Complete for dhdgffkkebhmkfjojejmpbldmpobfkfo ---
--- Starting analysis for extension: hmbjbjdpkobdjplfobhljndfdfdipjhg ---
Analyzing manifest (v2)...
--- Starting analysis for extension: adbacgifemdbhdkfppmeilbgppmhaobf ---
Analyzing manifest (v3)...
Analyzing JavaScript files in dataset/benign/adbacgifemdbhdkfppmeilbgppmhaobf...

--- Analysis Complete for adbacgifemdbhdkfppmeilbgppmhaobf ---
--- Starting analysis for extension: aobcgffnbkbipbflopponndoiommhnch ---
Analyzing manifest (v2)...
Analyzing JavaScript files in dataset/benign/aobcgffnbkbipbflopponndoiommhnch...

--- Analysis Complete for aobcgffnbkbipbflopponndoiommhnch ---
--- Starting analysis for extension: bfgjjammlemhdcocpejaompfoojnjjfn ---
Analyzing manifest (v3)...
Analyzing JavaScript files in dataset/benign/bfgjjammlemhdcocpejaompfoojnjjfn...

--- Analysis Complete for bfgjjammlemhdcocpejaompfoojnjjfn ---
--- Starting analysis for extension: efaidnbmnnnibpcajpcglclefindmkaj ---
Analyzing manifest (v3)...
Analyzing JavaScript files in dataset/benign/efaidnbmnnnibpcajpcglclefindmkaj...

--- Analysis Complete for efaidnbmnnnibpcajpcglclefindmkaj ---
--- Starting analysis for extension: oofgbpoabipfcfjapgnbbjjaenockbdp ---
Analyzing manifest (v3)...
Analyzing JavaScript files in dataset/benign/oofgbpoabipfcfjapgnbbjjaenockbdp...

--- Analysis Complete for oofgbpoabipfcfjapgnbbjjaenockbdp ---
--- Starting analysis for extension: ookepigabmicjpgfnmncjiplegcacdbm ---
Analyzing manifest (v2)...
Analyzing JavaScript files in dataset/benign/ookepigabmicjpgfnmncjiplegcacdbm...

--- Analysis Complete for ookepigabmicjpgfnmncjiplegcacdbm ---
--- Starting analysis for extension: oocalimimngaihdkbihfgmpkcpnmlaoa ---
Analyzing manifest (v3)...
Analyzing JavaScript files in dataset/benign/oocalimimngaihdkbihfgmpkcpnmlaoa...

--- Analysis Complete for oocalimimngaihdkbihfgmpkcpnmlaoa ---
--- Starting analysis for extension: aapbdbdomjkkjkaonfhkkikfgjllcleb ---
Analyzing manifest (v3)...
Analyzing JavaScript files in dataset/benign/aapbdbdomjkkjkaonfhkkikfgjllcleb...

--- Analysis Complete for aapbdbdomjkkjkaonfhkkikfgjllcleb ---
--- Starting analysis for extension: bihmplhobchoageeokmgbdihknkjbknd ---
Analyzing manifest (v2)...
Analyzing JavaScript files in dataset/benign/bihmplhobchoageeokmgbdihknkjbknd...

--- Analysis Complete for bihmplhobchoageeokmgbdihknkjbknd ---
--- Starting analysis for extension: kbfnbcaeplbcioakkpcpgfkobkghlhen ---
Analyzing manifest (v3)...
Analyzing JavaScript files in dataset/benign/kbfnbcaeplbcioakkpcpgfkobkghlhen...
/home/elijah/Documents/CPS475/ExtensionAnalyzer/venv/lib/python3.12/site-packages/esprima/scanner.py:1040: FutureWarning: Possible nested set at position 22
  return re.compile(pattern, pyflags)
/home/elijah/Documents/CPS475/ExtensionAnalyzer/venv/lib/python3.12/site-packages/esprima/scanner.py:1040: FutureWarning: Possible set difference at position 10
  return re.compile(pattern, pyflags)

--- Analysis Complete for kbfnbcaeplbcioakkpcpgfkobkghlhen ---
--- Starting analysis for extension: lgblnfidahcdcjddiepkckcfdhpknnjh ---
Analyzing manifest (v3)...
Analyzing JavaScript files in dataset/benign/lgblnfidahcdcjddiepkckcfdhpknnjh...

--- Analysis Complete for lgblnfidahcdcjddiepkckcfdhpknnjh ---
--- Starting analysis for extension: pbcgcpeifkdjijdjambaakmhhpkfgoec.zip ---
Error reading manifest: [Errno 20] Not a directory: 'dataset/benign/pbcgcpeifkdjijdjambaakmhhpkfgoec.zip/manifest.json'
--- Starting analysis for extension: bmanlajnpdncmhfkiccmbgeocgbncfln ---
Analyzing manifest (v2)...
Analyzing JavaScript files in dataset/benign/bmanlajnpdncmhfkiccmbgeocgbncfln...

--- Analysis Complete for bmanlajnpdncmhfkiccmbgeocgbncfln ---
--- Starting analysis for extension: difoiogjjojoaoomphldepapgpbgkhkb ---
Analyzing manifest (v3)...
Analyzing JavaScript files in dataset/benign/difoiogjjojoaoomphldepapgpbgkhkb...

--- Analysis Complete for difoiogjjojoaoomphldepapgpbgkhkb ---
--- Starting analysis for extension: nenlahapcbofgnanklpelkaejcehkggg ---
Analyzing manifest (v3)...
Analyzing JavaScript files in dataset/benign/nenlahapcbofgnanklpelkaejcehkggg...

--- Analysis Complete for nenlahapcbofgnanklpelkaejcehkggg ---
--- Starting analysis for extension: ihcjicgdanjaechkgeegckofjjedodee ---
Analyzing manifest (v3)...
Analyzing JavaScript files in dataset/benign/ihcjicgdanjaechkgeegckofjjedodee...

--- Analysis Complete for ihcjicgdanjaechkgeegckofjjedodee ---
--- Starting analysis for extension: bgnkhhnnamicmpeenaelnjfhikgbkllg ---
Analyzing manifest (v3)...
Analyzing JavaScript files in dataset/benign/bgnkhhnnamicmpeenaelnjfhikgbkllg...

--- Analysis Complete for bgnkhhnnamicmpeenaelnjfhikgbkllg ---
--- Starting analysis for extension: mclkkofklkfljcocdinagocijmpgbhab ---
Analyzing manifest (v3)...
Analyzing JavaScript files in dataset/benign/mclkkofklkfljcocdinagocijmpgbhab...

--- Analysis Complete for mclkkofklkfljcocdinagocijmpgbhab ---
--- Starting analysis for extension: lmjegmlicamnimmfhcmpkclmigmmcbeh ---
Analyzing manifest (v3)...
Analyzing JavaScript files in dataset/benign/lmjegmlicamnimmfhcmpkclmigmmcbeh...

--- Analysis Complete for lmjegmlicamnimmfhcmpkclmigmmcbeh ---
--- Starting analysis for extension: pbcgcpeifkdjijdjambaakmhhpkfgoec ---
Analyzing manifest (v3)...
Analyzing JavaScript files in dataset/benign/pbcgcpeifkdjijdjambaakmhhpkfgoec...

--- Analysis Complete for pbcgcpeifkdjijdjambaakmhhpkfgoec ---
--- Starting analysis for extension: jlhmfgmfgeifomenelglieieghnjghma ---
Analyzing manifest (v3)...
Analyzing JavaScript files in dataset/benign/jlhmfgmfgeifomenelglieieghnjghma...

--- Analysis Complete for jlhmfgmfgeifomenelglieieghnjghma ---
--- Starting analysis for extension: ngpampappnmepgilojfohadhhmbhlaek ---
Analyzing manifest (v3)...
Analyzing JavaScript files in dataset/benign/ngpampappnmepgilojfohadhhmbhlaek...

--- Analysis Complete for ngpampappnmepgilojfohadhhmbhlaek ---
--- Starting analysis for extension: dajedkncpodkggklbegccjpmnglmnflm ---
Analyzing manifest (v2)...
Analyzing JavaScript files in dataset/malicious/dajedkncpodkggklbegccjpmnglmnflm...

--- Analysis Complete for dajedkncpodkggklbegccjpmnglmnflm ---
--- Starting analysis for extension: ciifcakemmcbbdpmljdohdmbodagmela ---
Analyzing manifest (v2)...
Analyzing JavaScript files in dataset/malicious/ciifcakemmcbbdpmljdohdmbodagmela...

--- Analysis Complete for ciifcakemmcbbdpmljdohdmbodagmela ---
--- Starting analysis for extension: bacakpdjpomjaelpkpkabmedhkoongbi ---
Analyzing manifest (v2)...
Analyzing JavaScript files in dataset/malicious/bacakpdjpomjaelpkpkabmedhkoongbi...

--- Analysis Complete for bacakpdjpomjaelpkpkabmedhkoongbi ---
--- Starting analysis for extension: akcmmnpacjobndnaleljkfhjfkgehghi ---
Analyzing manifest (v2)...
Analyzing JavaScript files in dataset/malicious/akcmmnpacjobndnaleljkfhjfkgehghi...

--- Analysis Complete for akcmmnpacjobndnaleljkfhjfkgehghi ---
--- Starting analysis for extension: agmalodjnljmmplbmcpjnkpimfojbihl ---
Analyzing manifest (v3)...
Analyzing JavaScript files in dataset/malicious/agmalodjnljmmplbmcpjnkpimfojbihl...

--- Analysis Complete for agmalodjnljmmplbmcpjnkpimfojbihl ---
--- Starting analysis for extension: opngpmnmajecahkfibkbdkfckibnpajd ---
Analyzing manifest (v2)...
Analyzing JavaScript files in dataset/malicious/opngpmnmajecahkfibkbdkfckibnpajd...

--- Analysis Complete for opngpmnmajecahkfibkbdkfckibnpajd ---
--- Starting analysis for extension: nadenkhojomjfdcppbhhncbfakfjiabp ---
Analyzing manifest (v2)...
Analyzing JavaScript files in dataset/malicious/nadenkhojomjfdcppbhhncbfakfjiabp...

--- Analysis Complete for nadenkhojomjfdcppbhhncbfakfjiabp ---
--- Starting analysis for extension: ophphnmgejinohdhkaocnieffjdbedde ---
Analyzing manifest (v3)...
Analyzing JavaScript files in dataset/malicious/ophphnmgejinohdhkaocnieffjdbedde...

--- Analysis Complete for ophphnmgejinohdhkaocnieffjdbedde ---
--- Starting analysis for extension: gddbgllpilhpnjpkdbopahnpealaklle ---
Analyzing manifest (v2)...
Analyzing JavaScript files in dataset/malicious/gddbgllpilhpnjpkdbopahnpealaklle...

--- Analysis Complete for gddbgllpilhpnjpkdbopahnpealaklle ---
--- Starting analysis for extension: nilbfjdbacfdodpbdondbbkmoigehodg ---
Analyzing manifest (v2)...
Analyzing JavaScript files in dataset/malicious/nilbfjdbacfdodpbdondbbkmoigehodg...

--- Analysis Complete for nilbfjdbacfdodpbdondbbkmoigehodg ---
--- Starting analysis for extension: djmpbcihmblfdlkcfncodakgopmpgpgh ---
Analyzing manifest (v3)...
Analyzing JavaScript files in dataset/malicious/djmpbcihmblfdlkcfncodakgopmpgpgh...

--- Analysis Complete for djmpbcihmblfdlkcfncodakgopmpgpgh ---
--- Starting analysis for extension: pbebadpeajadcmaoofljnnfgofehnpeo ---
Analyzing manifest (v2)...
Analyzing JavaScript files in dataset/malicious/pbebadpeajadcmaoofljnnfgofehnpeo...

--- Analysis Complete for pbebadpeajadcmaoofljnnfgofehnpeo ---
--- Starting analysis for extension: magnkhldhhgdlhikeighmhlhonpmlolk ---
Analyzing manifest (v2)...
Analyzing JavaScript files in dataset/malicious/magnkhldhhgdlhikeighmhlhonpmlolk...

--- Analysis Complete for magnkhldhhgdlhikeighmhlhonpmlolk ---
--- Starting analysis for extension: olkpikmlhoaojbbmmpejnimiglejmboe ---
Analyzing manifest (v2)...
Analyzing JavaScript files in dataset/malicious/olkpikmlhoaojbbmmpejnimiglejmboe...

--- Analysis Complete for olkpikmlhoaojbbmmpejnimiglejmboe ---
--- Starting analysis for extension: fhplmmllnpjjlncfjpbbpjadoeijkogc ---
Analyzing manifest (v2)...
Analyzing JavaScript files in dataset/malicious/fhplmmllnpjjlncfjpbbpjadoeijkogc...

--- Analysis Complete for fhplmmllnpjjlncfjpbbpjadoeijkogc ---
--- Starting analysis for extension: kbiednjbhdaadladaojicdjcdpkiijai ---
Analyzing manifest (v2)...
Analyzing JavaScript files in dataset/malicious/kbiednjbhdaadladaojicdjcdpkiijai...

--- Analysis Complete for kbiednjbhdaadladaojicdjcdpkiijai ---
--- Starting analysis for extension: geokkpbkfpghbjdgbganjkgfhaafmhbo ---
Analyzing manifest (v3)...
Analyzing JavaScript files in dataset/malicious/geokkpbkfpghbjdgbganjkgfhaafmhbo...

--- Analysis Complete for geokkpbkfpghbjdgbganjkgfhaafmhbo ---
--- Starting analysis for extension: bjlcpoknpgaoaollojjdnbdojdclidkh ---
Analyzing manifest (v3)...
Analyzing JavaScript files in dataset/malicious/bjlcpoknpgaoaollojjdnbdojdclidkh...

--- Analysis Complete for bjlcpoknpgaoaollojjdnbdojdclidkh ---
--- Starting analysis for extension: akkaefkdhhehhcbenacaphmfojlglppe ---
Analyzing manifest (v2)...
Analyzing JavaScript files in dataset/malicious/akkaefkdhhehhcbenacaphmfojlglppe...

--- Analysis Complete for akkaefkdhhehhcbenacaphmfojlglppe ---
--- Starting analysis for extension: kjeffohcijbnlkgoaibmdcfconakaajm ---
Analyzing manifest (v2)...
Analyzing JavaScript files in dataset/malicious/kjeffohcijbnlkgoaibmdcfconakaajm...

--- Analysis Complete for kjeffohcijbnlkgoaibmdcfconakaajm ---
--- Starting analysis for extension: bpconcjcammlapcogcnnelfmaeghhagj ---
Analyzing manifest (v3)...
Analyzing JavaScript files in dataset/malicious/bpconcjcammlapcogcnnelfmaeghhagj...

--- Analysis Complete for bpconcjcammlapcogcnnelfmaeghhagj ---
--- Starting analysis for extension: klbibkeccnjlkjkiokjodocebajanakg ---
Analyzing manifest (v2)...
Analyzing JavaScript files in dataset/malicious/klbibkeccnjlkjkiokjodocebajanakg...

--- Analysis Complete for klbibkeccnjlkjkiokjodocebajanakg ---
--- Starting analysis for extension: deebfeldnfhemlnidojiiidadkgnglpi ---
Analyzing manifest (v2)...
Analyzing JavaScript files in dataset/malicious/deebfeldnfhemlnidojiiidadkgnglpi...

--- Analysis Complete for deebfeldnfhemlnidojiiidadkgnglpi ---
--- Starting analysis for extension: lipmdblppejomolopniipdjlpfjcojob ---
Analyzing manifest (v2)...
Analyzing JavaScript files in dataset/malicious/lipmdblppejomolopniipdjlpfjcojob...

--- Analysis Complete for lipmdblppejomolopniipdjlpfjcojob ---
--- Starting analysis for extension: fdcgdnkidjaadafnichfpabhfomcebme ---
Analyzing manifest (v3)...
Analyzing JavaScript files in dataset/malicious/fdcgdnkidjaadafnichfpabhfomcebme...

--- Analysis Complete for fdcgdnkidjaadafnichfpabhfomcebme ---
--- Starting analysis for extension: jcjhgomglcabcikgghokgnheeeobakkb ---
Analyzing manifest (v2)...
Analyzing JavaScript files in dataset/malicious/jcjhgomglcabcikgghokgnheeeobakkb...

--- Analysis Complete for jcjhgomglcabcikgghokgnheeeobakkb ---
--- Starting analysis for extension: andokbmfkopokkinpoodkhciomilhece ---
Analyzing manifest (v2)...
Analyzing JavaScript files in dataset/malicious/andokbmfkopokkinpoodkhciomilhece...

--- Analysis Complete for andokbmfkopokkinpoodkhciomilhece ---
--- Starting analysis for extension: eibcbmdmfcgklpkghpkojpaedhloemhi ---
Analyzing manifest (v3)...
Analyzing JavaScript files in dataset/malicious/eibcbmdmfcgklpkghpkojpaedhloemhi...
/home/elijah/Documents/CPS475/ExtensionAnalyzer/venv/lib/python3.12/site-packages/esprima/scanner.py:1040: FutureWarning: Possible nested set at position 1
  return re.compile(pattern, pyflags)
/home/elijah/Documents/CPS475/ExtensionAnalyzer/venv/lib/python3.12/site-packages/esprima/scanner.py:1040: FutureWarning: Possible nested set at position 3
  return re.compile(pattern, pyflags)

--- Analysis Complete for eibcbmdmfcgklpkghpkojpaedhloemhi ---
--- Starting analysis for extension: lppeflehbcbgihabdpekbpjbedkhhhap ---
Analyzing manifest (v3)...
Analyzing JavaScript files in dataset/malicious/lppeflehbcbgihabdpekbpjbedkhhhap...

--- Analysis Complete for lppeflehbcbgihabdpekbpjbedkhhhap ---
--- Starting analysis for extension: bapoeoceggfnnoomenaapjkofjlpmbeh ---
Analyzing manifest (v3)...
Analyzing JavaScript files in dataset/malicious/bapoeoceggfnnoomenaapjkofjlpmbeh...

--- Analysis Complete for bapoeoceggfnnoomenaapjkofjlpmbeh ---
--- Starting analysis for extension: idgncaddojiejegdmkofblgplkgmeipk ---
Analyzing manifest (v3)...
Analyzing JavaScript files in dataset/malicious/idgncaddojiejegdmkofblgplkgmeipk...

--- Analysis Complete for idgncaddojiejegdmkofblgplkgmeipk ---
--- Starting analysis for extension: oljjpjahhpimckiicpgpbpfbpijhidoi ---
Analyzing manifest (v2)...
Analyzing JavaScript files in dataset/malicious/oljjpjahhpimckiicpgpbpfbpijhidoi...

--- Analysis Complete for oljjpjahhpimckiicpgpbpfbpijhidoi ---
--- Starting analysis for extension: aeaobdmllhanfegkedbmainkbjalhknn ---
Analyzing manifest (v2)...
Analyzing JavaScript files in dataset/malicious/aeaobdmllhanfegkedbmainkbjalhknn...

--- Analysis Complete for aeaobdmllhanfegkedbmainkbjalhknn ---
--- Starting analysis for extension: chmfnmjfghjpdamlofhlonnnnokkpbao ---
Analyzing manifest (v3)...
Analyzing JavaScript files in dataset/malicious/chmfnmjfghjpdamlofhlonnnnokkpbao...

--- Analysis Complete for chmfnmjfghjpdamlofhlonnnnokkpbao ---
--- Starting analysis for extension: jmiahkaangbfpgehomhibfholfmdmmnm ---
Analyzing manifest (v3)...
Analyzing JavaScript files in dataset/malicious/jmiahkaangbfpgehomhibfholfmdmmnm...

--- Analysis Complete for jmiahkaangbfpgehomhibfholfmdmmnm ---
--- Starting analysis for extension: fniobaamocffdlfnpdniiimnoihmjbkn ---
Analyzing manifest (v3)...
Analyzing JavaScript files in dataset/malicious/fniobaamocffdlfnpdniiimnoihmjbkn...

--- Analysis Complete for fniobaamocffdlfnpdniiimnoihmjbkn ---
--- Starting analysis for extension: gokhabgljglbmjilkmelajgkkhofeeij ---
Analyzing manifest (v2)...
Analyzing JavaScript files in dataset/malicious/gokhabgljglbmjilkmelajgkkhofeeij...

--- Analysis Complete for gokhabgljglbmjilkmelajgkkhofeeij ---
--- Starting analysis for extension: pakhknagjaedcmhmodahdplmbgefekoc ---
Analyzing manifest (v2)...
Analyzing JavaScript files in dataset/malicious/pakhknagjaedcmhmodahdplmbgefekoc...

--- Analysis Complete for pakhknagjaedcmhmodahdplmbgefekoc ---
--- Starting analysis for extension: ajneghihjbebmnljfhlpdmjjpifeaokc ---
Analyzing manifest (v2)...
Analyzing JavaScript files in dataset/malicious/ajneghihjbebmnljfhlpdmjjpifeaokc...

--- Analysis Complete for ajneghihjbebmnljfhlpdmjjpifeaokc ---
--- Starting analysis for extension: bahogceckgcanpcoabcdgmoidngedmfo ---
Analyzing manifest (v2)...
Analyzing JavaScript files in dataset/malicious/bahogceckgcanpcoabcdgmoidngedmfo...

--- Analysis Complete for bahogceckgcanpcoabcdgmoidngedmfo ---
--- Starting analysis for extension: diapmighkmmnpmdkfnmlbpkjkealjojg ---
Analyzing manifest (v3)...
Analyzing JavaScript files in dataset/malicious/diapmighkmmnpmdkfnmlbpkjkealjojg...

--- Analysis Complete for diapmighkmmnpmdkfnmlbpkjkealjojg ---
--- Starting analysis for extension: hdgdghnfcappcodemanhafioghjhlbpb ---
Analyzing manifest (v2)...
Analyzing JavaScript files in dataset/malicious/hdgdghnfcappcodemanhafioghjhlbpb...

--- Analysis Complete for hdgdghnfcappcodemanhafioghjhlbpb ---
--- Starting analysis for extension: obeokabcpoilgegepbhlcleanmpgkhcp ---
Analyzing manifest (v2)...
Analyzing JavaScript files in dataset/malicious/obeokabcpoilgegepbhlcleanmpgkhcp...
/home/elijah/Documents/CPS475/ExtensionAnalyzer/venv/lib/python3.12/site-packages/esprima/scanner.py:1040: FutureWarning: Possible nested set at position 1
  return re.compile(pattern, pyflags)
/home/elijah/Documents/CPS475/ExtensionAnalyzer/venv/lib/python3.12/site-packages/esprima/scanner.py:1040: FutureWarning: Possible nested set at position 3
  return re.compile(pattern, pyflags)

--- Analysis Complete for obeokabcpoilgegepbhlcleanmpgkhcp ---
--- Starting analysis for extension: mbacbcfdfaapbcnlnbmciiaakomhkbkb ---
Analyzing manifest (v2)...
Analyzing JavaScript files in dataset/malicious/mbacbcfdfaapbcnlnbmciiaakomhkbkb...
/home/elijah/Documents/CPS475/ExtensionAnalyzer/venv/lib/python3.12/site-packages/esprima/scanner.py:1040: FutureWarning: Possible nested set at position 1
  return re.compile(pattern, pyflags)
/home/elijah/Documents/CPS475/ExtensionAnalyzer/venv/lib/python3.12/site-packages/esprima/scanner.py:1040: FutureWarning: Possible nested set at position 2
  return re.compile(pattern, pyflags)

--- Analysis Complete for mbacbcfdfaapbcnlnbmciiaakomhkbkb ---
--- Starting analysis for extension: keecjmliebjajodgnbcegpmnalopnfcb ---
Analyzing manifest (v3)...
Analyzing JavaScript files in dataset/malicious/keecjmliebjajodgnbcegpmnalopnfcb...

--- Analysis Complete for keecjmliebjajodgnbcegpmnalopnfcb ---
--- Starting analysis for extension: ooaehdahoiljphlijlaplnbeaeeimhbb ---
Analyzing manifest (v3)...
Analyzing JavaScript files in dataset/malicious/ooaehdahoiljphlijlaplnbeaeeimhbb...

--- Analysis Complete for ooaehdahoiljphlijlaplnbeaeeimhbb ---
--- Starting analysis for extension: pbdpfhmbdldfoioggnphkiocpidecmbp ---
Analyzing manifest (v2)...
Analyzing JavaScript files in dataset/malicious/pbdpfhmbdldfoioggnphkiocpidecmbp...

--- Analysis Complete for pbdpfhmbdldfoioggnphkiocpidecmbp ---
--- Starting analysis for extension: megdnjjcjgoiacejpegmfoeooleddmeb ---
Analyzing manifest (v2)...
Analyzing JavaScript files in dataset/malicious/megdnjjcjgoiacejpegmfoeooleddmeb...

--- Analysis Complete for megdnjjcjgoiacejpegmfoeooleddmeb ---
--- Starting analysis for extension: aiimdkdngfcipjohbjenkahhlhccpdbc ---
Analyzing manifest (v2)...
Analyzing JavaScript files in dataset/malicious/aiimdkdngfcipjohbjenkahhlhccpdbc...

--- Analysis Complete for aiimdkdngfcipjohbjenkahhlhccpdbc ---
--- Starting analysis for extension: cegbjdefhfnbphoghdgcapnliodjbncp ---
Analyzing manifest (v2)...
Analyzing JavaScript files in dataset/malicious/cegbjdefhfnbphoghdgcapnliodjbncp...

--- Analysis Complete for cegbjdefhfnbphoghdgcapnliodjbncp ---
--- Starting analysis for extension: fbjfihoienmhbjflbobnmimfijpngkpa ---
Analyzing manifest (v3)...
Analyzing JavaScript files in dataset/malicious/fbjfihoienmhbjflbobnmimfijpngkpa...

--- Analysis Complete for fbjfihoienmhbjflbobnmimfijpngkpa ---
--- Starting analysis for extension: lklmhefoneonjalpjcnhaidnodopinib ---
Analyzing manifest (v2)...
Analyzing JavaScript files in dataset/malicious/lklmhefoneonjalpjcnhaidnodopinib...
/home/elijah/Documents/CPS475/ExtensionAnalyzer/venv/lib/python3.12/site-packages/esprima/scanner.py:1040: FutureWarning: Possible nested set at position 1
  return re.compile(pattern, pyflags)
/home/elijah/Documents/CPS475/ExtensionAnalyzer/venv/lib/python3.12/site-packages/esprima/scanner.py:1040: FutureWarning: Possible nested set at position 3
  return re.compile(pattern, pyflags)

--- Analysis Complete for lklmhefoneonjalpjcnhaidnodopinib ---
--- Starting analysis for extension: pbebadpeajadcmaoofljnnfgofehnpeo.zip ---
Error reading manifest: [Errno 20] Not a directory: 'dataset/malicious/pbebadpeajadcmaoofljnnfgofehnpeo.zip/manifest.json'
Error processing dataset/benign/hmbjbjdpkobdjplfobhljndfdfdipjhg: unhashable type: 'dict'

--- Comparison Summary ---
Total Processed: 101
Correlation between Rule Score and ML Probability: -0.06
Rule-Based Accuracy: 57.43%
ML Model Accuracy:   100.00%

--- Discrepancies (Where ML is correct and Rules are wrong) ---
ML Wins: 43
                                 id   label  rule_score  ml_prob
0  cfhdojbkjhnklbpkdaibdccddilifddb  Benign         160     0.08
1  fdpohaocaechififmbbbbbknoalclacl  Benign         235     0.01
3  gighmmpiobklfepjocnamgkkbiglidom  Benign         215     0.06
4  nkbihfbeogaeaoehlefnkodbefgpgknn  Benign          85     0.13
5  bpoadfkcbjbfhfodiogcnhhhpibjhbnh  Benign         185     0.05

--- Discrepancies (Where Rules are correct and ML is wrong) ---
Rule Wins: 0
