Resolving ajneghihjbebmnljfhlpdmjjpifeaokc...
  → Could not resolve, keeping original
Resolving akcmmnpacjobndnaleljkfhjfkgehghi...
  → Could not resolve, keeping original
Resolving akkaefkdhhehhcbenacaphmfojlglppe...
  → Could not resolve, keeping original
Resolving bacakpdjpomjaelpkpkabmedhkoongbi...
  → Could not resolve, keeping original
Resolving bahogceckgcanpcoabcdgmoidngedmfo...
  → Could not resolve, keeping original
Resolving bapoeoceggfnnoomenaapjkofjlpmbeh...
  → Could not resolve, keeping original
Resolving bjlcpoknpgaoaollojjdnbdojdclidkh...
  → Could not resolve, keeping original
Resolving bpconcjcammlapcogcnnelfmaeghhagj...
  → Could not resolve, keeping original
Resolving cegbjdefhfnbphoghdgcapnliodjbncp...
  → Could not resolve, keeping original
Resolving chmfnmjfghjpdamlofhlonnnnokkpbao...
  → Could not resolve, keeping original
Resolving ciifcakemmcbbdpmljdohdmbodagmela...
  → Could not resolve, keeping original
Resolving dajedkncpodkggklbegccjpmnglmnflm...
  → Could not resolve, keeping original
Resolving deebfeldnfhemlnidojiiidadkgnglpi...
  → Could not resolve, keeping original
Resolving diapmighkmmnpmdkfnmlbpkjkealjojg...
  → Could not resolve, keeping original
Resolving djmpbcihmblfdlkcfncodakgopmpgpgh...
  → Could not resolve, keeping original
Resolving eibcbmdmfcgklpkghpkojpaedhloemhi...
  → Could not resolve, keeping original
Resolving fbjfihoienmhbjflbobnmimfijpngkpa...
  → Could not resolve, keeping original
Resolving fdcgdnkidjaadafnichfpabhfomcebme...
  → Could not resolve, keeping original
Resolving fniobaamocffdlfnpdniiimnoihmjbkn...
  → Could not resolve, keeping original
Resolving gddbgllpilhpnjpkdbopahnpealaklle...
  → Could not resolve, keeping original
Resolving geokkpbkfpghbjdgbganjkgfhaafmhbo...
  → Could not resolve, keeping original
Resolving gokhabgljglbmjilkmelajgkkhofeeij...
  → Could not resolve, keeping original
Resolving hdgdghnfcappcodemanhafioghjhlbpb...
  → Could not resolve, keeping original
Resolving idgncaddojiejegdmkofblgplkgmeipk...
  → Could not resolve, keeping original
Resolving jcjhgomglcabcikgghokgnheeeobakkb...
  → Could not resolve, keeping original
Resolving jmiahkaangbfpgehomhibfholfmdmmnm...
  → Could not resolve, keeping original
Resolving kbiednjbhdaadladaojicdjcdpkiijai...
  → Could not resolve, keeping original
Resolving keecjmliebjajodgnbcegpmnalopnfcb...
  → Could not resolve, keeping original
Resolving kjeffohcijbnlkgoaibmdcfconakaajm...
  → Could not resolve, keeping original
Resolving klbibkeccnjlkjkiokjodocebajanakg...
  → Could not resolve, keeping original
Resolving lipmdblppejomolopniipdjlpfjcojob...
  → Could not resolve, keeping original
Resolving lklmhefoneonjalpjcnhaidnodopinib...
  → Could not resolve, keeping original
Resolving lppeflehbcbgihabdpekbpjbedkhhhap...
  → Could not resolve, keeping original
Resolving magnkhldhhgdlhikeighmhlhonpmlolk...
  → Could not resolve, keeping original
Resolving mbacbcfdfaapbcnlnbmciiaakomhkbkb...
  → Could not resolve, keeping original
Resolving megdnjjcjgoiacejpegmfoeooleddmeb...
  → Could not resolve, keeping original
Resolving nadenkhojomjfdcppbhhncbfakfjiabp...
  → Could not resolve, keeping original
Resolving nilbfjdbacfdodpbdondbbkmoigehodg...
  → Could not resolve, keeping original
Resolving obeokabcpoilgegepbhlcleanmpgkhcp...
  → Could not resolve, keeping original
Resolving oljjpjahhpimckiicpgpbpfbpijhidoi...
  → Could not resolve, keeping original
Resolving olkpikmlhoaojbbmmpejnimiglejmboe...
  → Could not resolve, keeping original
Resolving ooaehdahoiljphlijlaplnbeaeeimhbb...
  → Could not resolve, keeping original
Resolving ophphnmgejinohdhkaocnieffjdbedde...
  → Could not resolve, keeping original
Resolving opngpmnmajecahkfibkbdkfckibnpajd...
  → Could not resolve, keeping original
Resolving pakhknagjaedcmhmodahdplmbgefekoc...
  → Could not resolve, keeping original
Resolving pbdpfhmbdldfoioggnphkiocpidecmbp...
  → Could not resolve, keeping original
Resolving pbebadpeajadcmaoofljnnfgofehnpeo...
  → Could not resolve, keeping original

✅ Updated file saved to: dataset_extension_list_updated.txt
Review the changes and then replace the original if satisfied:
  mv dataset_extension_list_updated.txt dataset_extension_list.txt
