Loading data...
Loaded 102 extensions (50 benign, 52 malicious).
Extracting features (this may take a moment)...
Feature matrix shape: (102, 1019)

======================================================================
CROSS-VALIDATION EVALUATION (5-Fold)
======================================================================
Note: This evaluates on held-out data to give honest performance estimates.

Cross-Validation Results (mean ± 2*std):
  Accuracy:  81.48% ± 8.63%
  Precision: 86.92% ± 16.66%
  Recall:    77.27% ± 23.90%
  F1-Score:  80.60% ± 11.24%

Per-Fold Accuracy: ['76.19%', '76.19%', '85.00%', '85.00%', '85.00%']
======================================================================

Training final model on FULL dataset (for deployment)...
WARNING: This model will be used in production, but CV scores above
         represent its expected performance on unseen data.
Saving model to model.pkl...
Saving vectorizer to vectorizer.pkl...
Generating SHAP background data...
Saving background data to background_data.pkl...
Done!
